2025-05-23 12:53:35.267 xcodebuild[39525:221940]  DVTDeviceOperation: Encountered a build number "" that is incompatible with DVTBuildVersion.
2025-05-23 12:53:35.725 xcodebuild[39525:221893] [MT] DVTDeviceOperation: Encountered a build number "" that is incompatible with DVTBuildVersion.
2025-05-23 12:53:35.845 xcodebuild[39525:221893] Writing error result bundle to /var/folders/3z/m01j8td50c17wqh6pxfy1hfm0000gn/T/ResultBundle_2025-23-05_12-53-0035.xcresult
xcodebuild: error: Unable to find a destination matching the provided destination specifier:
		{ id:00008130-001C55E634C3001C }

	Available destinations for the "SensorApp" scheme:
		{ platform:macOS, arch:arm64, variant:Designed for [iPad,iPhone], id:00006041-001441C63460801C, name:My Mac }
		{ platform:iOS, id:dvtdevice-DVTiPhonePlaceholder-iphoneos:placeholder, name:Any iOS Device }
		{ platform:iOS Simulator, id:dvtdevice-DVTiOSDeviceSimulatorPlaceholder-iphonesimulator:placeholder, name:Any iOS Simulator Device }
		{ platform:iOS Simulator, arch:arm64, id:3FD479C7-BE61-475E-8B03-4D4145AFA612, OS:18.2, name:iPad (10th generation) }
		{ platform:iOS Simulator, arch:x86_64, id:3FD479C7-BE61-475E-8B03-4D4145AFA612, OS:18.2, name:iPad (10th generation) }
		{ platform:iOS Simulator, arch:arm64, id:518F1D86-56A5-4126-88A3-B122711F8C91, OS:18.4, name:iPad (A16) }
		{ platform:iOS Simulator, arch:x86_64, id:518F1D86-56A5-4126-88A3-B122711F8C91, OS:18.4, name:iPad (A16) }
		{ platform:iOS Simulator, arch:arm64, id:4B8741C7-3411-4F5B-A450-3F42E768C677, OS:18.2, name:iPad Air 11-inch (M2) }
		{ platform:iOS Simulator, arch:x86_64, id:4B8741C7-3411-4F5B-A450-3F42E768C677, OS:18.2, name:iPad Air 11-inch (M2) }
		{ platform:iOS Simulator, arch:arm64, id:AD85529C-80E7-42C8-B8DA-5FD9955ABBE4, OS:18.4, name:iPad Air 11-inch (M3) }
		{ platform:iOS Simulator, arch:x86_64, id:AD85529C-80E7-42C8-B8DA-5FD9955ABBE4, OS:18.4, name:iPad Air 11-inch (M3) }
		{ platform:iOS Simulator, arch:arm64, id:35EF7348-AFCF-474E-9459-8A8066DBAF46, OS:18.2, name:iPad Air 13-inch (M2) }
		{ platform:iOS Simulator, arch:x86_64, id:35EF7348-AFCF-474E-9459-8A8066DBAF46, OS:18.2, name:iPad Air 13-inch (M2) }
		{ platform:iOS Simulator, arch:arm64, id:096CC34B-5655-43B0-AB19-71524DC2EA9E, OS:18.4, name:iPad Air 13-inch (M3) }
		{ platform:iOS Simulator, arch:x86_64, id:096CC34B-5655-43B0-AB19-71524DC2EA9E, OS:18.4, name:iPad Air 13-inch (M3) }
		{ platform:iOS Simulator, arch:arm64, id:ECBF59B0-F9A2-4F58-A66D-03443F0C0214, OS:18.2, name:iPad Pro 11-inch (M4) }
		{ platform:iOS Simulator, arch:x86_64, id:ECBF59B0-F9A2-4F58-A66D-03443F0C0214, OS:18.2, name:iPad Pro 11-inch (M4) }
		{ platform:iOS Simulator, arch:arm64, id:37B16FFE-D573-4ECD-9CB0-45E1B53064F5, OS:18.4, name:iPad Pro 11-inch (M4) }
		{ platform:iOS Simulator, arch:x86_64, id:37B16FFE-D573-4ECD-9CB0-45E1B53064F5, OS:18.4, name:iPad Pro 11-inch (M4) }
		{ platform:iOS Simulator, arch:arm64, id:1A140642-B353-42FD-B958-1349E2C4B311, OS:18.2, name:iPad Pro 13-inch (M4) }
		{ platform:iOS Simulator, arch:x86_64, id:1A140642-B353-42FD-B958-1349E2C4B311, OS:18.2, name:iPad Pro 13-inch (M4) }
		{ platform:iOS Simulator, arch:arm64, id:7015D264-EDE0-4E6B-8FC0-94C2EAAEA1DC, OS:18.4, name:iPad Pro 13-inch (M4) }
		{ platform:iOS Simulator, arch:x86_64, id:7015D264-EDE0-4E6B-8FC0-94C2EAAEA1DC, OS:18.4, name:iPad Pro 13-inch (M4) }
		{ platform:iOS Simulator, arch:arm64, id:D4702E7D-95F8-4475-B96D-5CD69DB123DB, OS:18.2, name:iPad mini (A17 Pro) }
		{ platform:iOS Simulator, arch:x86_64, id:D4702E7D-95F8-4475-B96D-5CD69DB123DB, OS:18.2, name:iPad mini (A17 Pro) }
		{ platform:iOS Simulator, arch:arm64, id:D8EFCCEA-11A2-432C-BBCE-5D5C8A1DEA9A, OS:18.4, name:iPad mini (A17 Pro) }
		{ platform:iOS Simulator, arch:x86_64, id:D8EFCCEA-11A2-432C-BBCE-5D5C8A1DEA9A, OS:18.4, name:iPad mini (A17 Pro) }
		{ platform:iOS Simulator, arch:arm64, id:47FE9A38-DEA8-4BCB-A93A-4BB0428C7195, OS:18.2, name:iPhone 16 }
		{ platform:iOS Simulator, arch:x86_64, id:47FE9A38-DEA8-4BCB-A93A-4BB0428C7195, OS:18.2, name:iPhone 16 }
		{ platform:iOS Simulator, arch:arm64, id:33F7170C-3973-485B-BE24-81126D562820, OS:18.4, name:iPhone 16 }
		{ platform:iOS Simulator, arch:x86_64, id:33F7170C-3973-485B-BE24-81126D562820, OS:18.4, name:iPhone 16 }
		{ platform:iOS Simulator, arch:arm64, id:80308903-4F00-43B9-9298-4BC1DA5840B8, OS:18.2, name:iPhone 16 Plus }
		{ platform:iOS Simulator, arch:x86_64, id:80308903-4F00-43B9-9298-4BC1DA5840B8, OS:18.2, name:iPhone 16 Plus }
		{ platform:iOS Simulator, arch:arm64, id:9602DA8E-656F-498C-85B7-9F4C97E4D5DB, OS:18.4, name:iPhone 16 Plus }
		{ platform:iOS Simulator, arch:x86_64, id:9602DA8E-656F-498C-85B7-9F4C97E4D5DB, OS:18.4, name:iPhone 16 Plus }
		{ platform:iOS Simulator, arch:arm64, id:2C3E09C5-5F22-459D-BEDD-5FD14E97C046, OS:18.2, name:iPhone 16 Pro }
		{ platform:iOS Simulator, arch:x86_64, id:2C3E09C5-5F22-459D-BEDD-5FD14E97C046, OS:18.2, name:iPhone 16 Pro }
		{ platform:iOS Simulator, arch:arm64, id:FAB40F20-9E7B-4937-A15C-8B2466BE4044, OS:18.2, name:iPhone 16 Pro }
		{ platform:iOS Simulator, arch:x86_64, id:FAB40F20-9E7B-4937-A15C-8B2466BE4044, OS:18.2, name:iPhone 16 Pro }
		{ platform:iOS Simulator, arch:arm64, id:A16F316C-30B4-4EED-9D98-B249B3222A5E, OS:18.4, name:iPhone 16 Pro }
		{ platform:iOS Simulator, arch:x86_64, id:A16F316C-30B4-4EED-9D98-B249B3222A5E, OS:18.4, name:iPhone 16 Pro }
		{ platform:iOS Simulator, arch:arm64, id:3834B726-6314-4A49-A2AC-4209CAF4EE7F, OS:18.2, name:iPhone 16 Pro Max }
		{ platform:iOS Simulator, arch:x86_64, id:3834B726-6314-4A49-A2AC-4209CAF4EE7F, OS:18.2, name:iPhone 16 Pro Max }
		{ platform:iOS Simulator, arch:arm64, id:B6EF01FC-246E-4817-9841-C36E66AD314C, OS:18.2, name:iPhone 16 Pro Max }
		{ platform:iOS Simulator, arch:x86_64, id:B6EF01FC-246E-4817-9841-C36E66AD314C, OS:18.2, name:iPhone 16 Pro Max }
		{ platform:iOS Simulator, arch:arm64, id:7CD98D59-204A-4F5F-99EB-DF4E7C9113EF, OS:18.4, name:iPhone 16 Pro Max }
		{ platform:iOS Simulator, arch:x86_64, id:7CD98D59-204A-4F5F-99EB-DF4E7C9113EF, OS:18.4, name:iPhone 16 Pro Max }
		{ platform:iOS Simulator, arch:arm64, id:F125122B-33F7-4259-B1F7-64D75F0CDCEA, OS:18.4, name:iPhone 16e }
		{ platform:iOS Simulator, arch:x86_64, id:F125122B-33F7-4259-B1F7-64D75F0CDCEA, OS:18.4, name:iPhone 16e }
		{ platform:iOS Simulator, arch:arm64, id:C6D243B7-F464-4428-8269-F8E91EA86873, OS:18.2, name:iPhone SE (3rd generation) }
		{ platform:iOS Simulator, arch:x86_64, id:C6D243B7-F464-4428-8269-F8E91EA86873, OS:18.2, name:iPhone SE (3rd generation) }
